2025-09-29 17:27:33 [main] INFO  com.heartplan.HeartPlanApplication - Starting HeartPlanApplication using Java 21.0.8 with PID 21396 (E:\桌面\heartPlan\backend\target\classes started by CD-273 in E:\桌面\heartPlan\backend)
2025-09-29 17:27:33 [main] DEBUG com.heartplan.HeartPlanApplication - Running with Spring Boot v3.1.5, Spring v6.0.13
2025-09-29 17:27:33 [main] INFO  com.heartplan.HeartPlanApplication - No active profile set, falling back to 1 default profile: "default"
2025-09-29 17:27:34 [main] INFO  o.s.d.r.c.RepositoryConfigurationDelegate - Multiple Spring Data modules found, entering strict repository configuration mode
2025-09-29 17:27:34 [main] INFO  o.s.d.r.c.RepositoryConfigurationDelegate - Bootstrapping Spring Data JPA repositories in DEFAULT mode.
2025-09-29 17:27:34 [main] INFO  o.s.d.r.c.RepositoryConfigurationDelegate - Finished Spring Data repository scanning in 117 ms. Found 1 JPA repository interfaces.
2025-09-29 17:27:34 [main] INFO  o.s.d.r.c.RepositoryConfigurationDelegate - Multiple Spring Data modules found, entering strict repository configuration mode
2025-09-29 17:27:34 [main] INFO  o.s.d.r.c.RepositoryConfigurationDelegate - Bootstrapping Spring Data Redis repositories in DEFAULT mode.
2025-09-29 17:27:34 [main] INFO  o.s.d.r.c.RepositoryConfigurationExtensionSupport - Spring Data Redis - Could not safely identify store assignment for repository candidate interface com.heartplan.repository.UserRepository; If you want this repository to be a Redis repository, consider annotating your entities with one of these annotations: org.springframework.data.redis.core.RedisHash (preferred), or consider extending one of the following types with your repository: org.springframework.data.keyvalue.repository.KeyValueRepository
2025-09-29 17:27:34 [main] INFO  o.s.d.r.c.RepositoryConfigurationDelegate - Finished Spring Data repository scanning in 18 ms. Found 0 Redis repository interfaces.
2025-09-29 17:27:35 [main] INFO  o.s.b.w.e.tomcat.TomcatWebServer - Tomcat initialized with port(s): 8080 (http)
2025-09-29 17:27:35 [main] INFO  o.a.catalina.core.StandardService - Starting service [Tomcat]
2025-09-29 17:27:35 [main] INFO  o.a.catalina.core.StandardEngine - Starting Servlet engine: [Apache Tomcat/10.1.15]
2025-09-29 17:27:35 [main] INFO  o.a.c.c.C.[.[localhost].[/api] - Initializing Spring embedded WebApplicationContext
2025-09-29 17:27:35 [main] INFO  o.s.b.w.s.c.ServletWebServerApplicationContext - Root WebApplicationContext: initialization completed in 1548 ms
2025-09-29 17:27:35 [main] INFO  o.h.jpa.internal.util.LogHelper - HHH000204: Processing PersistenceUnitInfo [name: default]
2025-09-29 17:27:35 [main] INFO  org.hibernate.Version - HHH000412: Hibernate ORM core version 6.2.13.Final
2025-09-29 17:27:35 [main] INFO  org.hibernate.cfg.Environment - HHH000406: Using bytecode reflection optimizer
2025-09-29 17:27:35 [main] INFO  o.s.o.j.p.SpringPersistenceUnitInfo - No LoadTimeWeaver setup: ignoring JPA class transformer
2025-09-29 17:27:35 [main] INFO  com.zaxxer.hikari.HikariDataSource - HikariPool-1 - Starting...
2025-09-29 17:27:36 [main] INFO  com.zaxxer.hikari.pool.HikariPool - HikariPool-1 - Added connection com.mysql.cj.jdbc.ConnectionImpl@2558f65c
2025-09-29 17:27:36 [main] INFO  com.zaxxer.hikari.HikariDataSource - HikariPool-1 - Start completed.
2025-09-29 17:27:36 [main] WARN  org.hibernate.orm.deprecation - HHH90000025: MySQL8Dialect does not need to be specified explicitly using 'hibernate.dialect' (remove the property setting and it will be selected by default)
2025-09-29 17:27:36 [main] WARN  org.hibernate.orm.deprecation - HHH90000026: MySQL8Dialect has been deprecated; use org.hibernate.dialect.MySQLDialect instead
2025-09-29 17:27:36 [main] INFO  o.h.e.t.j.p.i.JtaPlatformInitiator - HHH000489: No JTA platform available (set 'hibernate.transaction.jta.platform' to enable JTA platform integration)
2025-09-29 17:27:36 [main] INFO  o.s.o.j.LocalContainerEntityManagerFactoryBean - Initialized JPA EntityManagerFactory for persistence unit 'default'
2025-09-29 17:27:37 [main] INFO  o.s.d.j.r.query.QueryEnhancerFactory - Hibernate is in classpath; If applicable, HQL parser will be used.
2025-09-29 17:27:37 [main] DEBUG c.h.security.JwtAuthenticationFilter - Filter 'jwtAuthenticationFilter' configured for use
2025-09-29 17:27:37 [main] INFO  com.heartplan.config.DatabaseConfig - 初始化数据库配置...
2025-09-29 17:27:37 [main] INFO  com.heartplan.config.DatabaseConfig - JPA仓库扫描包: com.heartplan.repository
2025-09-29 17:27:37 [main] INFO  com.heartplan.config.DatabaseConfig - 事务管理已启用
2025-09-29 17:27:37 [main] INFO  com.heartplan.config.DatabaseConfig - 数据库配置初始化完成
2025-09-29 17:27:37 [main] INFO  com.heartplan.config.RedisConfig - 正在配置Redis模板...
2025-09-29 17:27:37 [main] INFO  com.heartplan.config.RedisConfig - Redis模板配置完成
2025-09-29 17:27:37 [main] WARN  o.s.b.a.o.j.JpaBaseConfiguration$JpaWebConfiguration - spring.jpa.open-in-view is enabled by default. Therefore, database queries may be performed during view rendering. Explicitly configure spring.jpa.open-in-view to disable this warning
2025-09-29 17:27:37 [main] INFO  o.s.s.web.DefaultSecurityFilterChain - Will secure any request with [org.springframework.security.web.session.DisableEncodeUrlFilter@6508e82, org.springframework.security.web.context.request.async.WebAsyncManagerIntegrationFilter@54cb2cee, org.springframework.security.web.context.SecurityContextHolderFilter@53a74970, org.springframework.security.web.header.HeaderWriterFilter@bf3aa52, org.springframework.web.filter.CorsFilter@12ef8410, org.springframework.security.web.authentication.logout.LogoutFilter@199dee18, com.heartplan.security.JwtAuthenticationFilter@1676e501, org.springframework.security.web.savedrequest.RequestCacheAwareFilter@55d607b, org.springframework.security.web.servletapi.SecurityContextHolderAwareRequestFilter@6b6dce39, org.springframework.security.web.authentication.AnonymousAuthenticationFilter@731819a0, org.springframework.security.web.session.SessionManagementFilter@1504db11, org.springframework.security.web.access.ExceptionTranslationFilter@74af4b0, org.springframework.security.web.access.intercept.AuthorizationFilter@6ad703cd]
2025-09-29 17:27:38 [main] INFO  o.s.b.w.e.tomcat.TomcatWebServer - Tomcat started on port(s): 8080 (http) with context path '/api'
2025-09-29 17:27:38 [main] INFO  com.heartplan.HeartPlanApplication - Started HeartPlanApplication in 4.789 seconds (process running for 5.197)
2025-09-29 17:29:45 [http-nio-8080-exec-1] INFO  o.a.c.c.C.[.[localhost].[/api] - Initializing Spring DispatcherServlet 'dispatcherServlet'
2025-09-29 17:29:45 [http-nio-8080-exec-1] INFO  o.s.web.servlet.DispatcherServlet - Initializing Servlet 'dispatcherServlet'
2025-09-29 17:29:45 [http-nio-8080-exec-1] INFO  o.s.web.servlet.DispatcherServlet - Completed initialization in 3 ms
2025-09-29 17:29:45 [http-nio-8080-exec-1] DEBUG o.s.security.web.FilterChainProxy - Securing POST /auth/refresh
2025-09-29 17:29:46 [http-nio-8080-exec-1] DEBUG org.hibernate.SQL - 
    select
        u1_0.id,
        u1_0.age,
        u1_0.avatar_url,
        u1_0.created_at,
        u1_0.email,
        u1_0.enabled,
        u1_0.gender,
        u1_0.location,
        u1_0.password,
        u1_0.relationship_status,
        u1_0.updated_at,
        u1_0.username 
    from
        users u1_0 
    where
        u1_0.email=? 
        and u1_0.enabled
2025-09-29 17:29:46 [http-nio-8080-exec-1] WARN  com.zaxxer.hikari.pool.PoolBase - HikariPool-1 - Failed to validate connection com.mysql.cj.jdbc.ConnectionImpl@2558f65c (No operations allowed after connection closed.). Possibly consider using a shorter maxLifetime value.
2025-09-29 17:29:46 [http-nio-8080-exec-1] WARN  com.zaxxer.hikari.pool.PoolBase - HikariPool-1 - Failed to validate connection com.mysql.cj.jdbc.ConnectionImpl@11f0bbc1 (No operations allowed after connection closed.). Possibly consider using a shorter maxLifetime value.
2025-09-29 17:29:46 [http-nio-8080-exec-1] WARN  com.zaxxer.hikari.pool.PoolBase - HikariPool-1 - Failed to validate connection com.mysql.cj.jdbc.ConnectionImpl@1c7595bb (No operations allowed after connection closed.). Possibly consider using a shorter maxLifetime value.
2025-09-29 17:29:46 [http-nio-8080-exec-1] WARN  com.zaxxer.hikari.pool.PoolBase - HikariPool-1 - Failed to validate connection com.mysql.cj.jdbc.ConnectionImpl@37742b5f (No operations allowed after connection closed.). Possibly consider using a shorter maxLifetime value.
2025-09-29 17:29:46 [http-nio-8080-exec-1] WARN  com.zaxxer.hikari.pool.PoolBase - HikariPool-1 - Failed to validate connection com.mysql.cj.jdbc.ConnectionImpl@16e998ca (No operations allowed after connection closed.). Possibly consider using a shorter maxLifetime value.
2025-09-29 17:29:46 [http-nio-8080-exec-1] WARN  com.zaxxer.hikari.pool.PoolBase - HikariPool-1 - Failed to validate connection com.mysql.cj.jdbc.ConnectionImpl@2530765 (No operations allowed after connection closed.). Possibly consider using a shorter maxLifetime value.
2025-09-29 17:29:46 [http-nio-8080-exec-1] WARN  com.zaxxer.hikari.pool.PoolBase - HikariPool-1 - Failed to validate connection com.mysql.cj.jdbc.ConnectionImpl@32bb82d9 (No operations allowed after connection closed.). Possibly consider using a shorter maxLifetime value.
2025-09-29 17:29:46 [http-nio-8080-exec-1] WARN  com.zaxxer.hikari.pool.PoolBase - HikariPool-1 - Failed to validate connection com.mysql.cj.jdbc.ConnectionImpl@24836902 (No operations allowed after connection closed.). Possibly consider using a shorter maxLifetime value.
2025-09-29 17:29:46 [http-nio-8080-exec-1] WARN  com.zaxxer.hikari.pool.PoolBase - HikariPool-1 - Failed to validate connection com.mysql.cj.jdbc.ConnectionImpl@7ef69a90 (No operations allowed after connection closed.). Possibly consider using a shorter maxLifetime value.
2025-09-29 17:29:46 [http-nio-8080-exec-1] WARN  com.zaxxer.hikari.pool.PoolBase - HikariPool-1 - Failed to validate connection com.mysql.cj.jdbc.ConnectionImpl@6484c204 (No operations allowed after connection closed.). Possibly consider using a shorter maxLifetime value.
2025-09-29 17:29:46 [http-nio-8080-exec-1] DEBUG org.hibernate.SQL - 
    select
        u1_0.id,
        u1_0.age,
        u1_0.avatar_url,
        u1_0.created_at,
        u1_0.email,
        u1_0.enabled,
        u1_0.gender,
        u1_0.location,
        u1_0.password,
        u1_0.relationship_status,
        u1_0.updated_at,
        u1_0.username 
    from
        users u1_0 
    where
        u1_0.email=?
2025-09-29 17:29:46 [http-nio-8080-exec-1] WARN  com.heartplan.service.UserService - 用户不存在: 1
2025-09-29 17:29:46 [http-nio-8080-exec-1] ERROR c.h.security.JwtAuthenticationFilter - JWT认证失败: 用户不存在: 1
2025-09-29 17:29:46 [http-nio-8080-exec-1] DEBUG o.s.s.w.a.AnonymousAuthenticationFilter - Set SecurityContextHolder to anonymous SecurityContext
2025-09-29 17:29:46 [http-nio-8080-exec-1] DEBUG o.s.security.web.FilterChainProxy - Secured POST /auth/refresh
2025-09-29 17:29:46 [http-nio-8080-exec-1] INFO  c.h.controller.AuthController - 收到刷新令牌请求
2025-09-29 17:29:46 [http-nio-8080-exec-1] INFO  com.heartplan.service.AuthService - Attempting to refresh access token
2025-09-29 17:29:46 [http-nio-8080-exec-1] DEBUG org.hibernate.SQL - 
    select
        u1_0.id,
        u1_0.age,
        u1_0.avatar_url,
        u1_0.created_at,
        u1_0.email,
        u1_0.enabled,
        u1_0.gender,
        u1_0.location,
        u1_0.password,
        u1_0.relationship_status,
        u1_0.updated_at,
        u1_0.username 
    from
        users u1_0 
    where
        u1_0.email=? 
        and u1_0.enabled
2025-09-29 17:29:46 [http-nio-8080-exec-1] INFO  com.heartplan.service.AuthService - Successfully refreshed access token for user: 734404955@qq.com
2025-09-29 17:29:46 [http-nio-8080-exec-1] INFO  c.h.controller.AuthController - 令牌刷新成功，用户: 734404955@qq.com
2025-09-29 17:29:46 [http-nio-8080-exec-1] DEBUG c.h.config.GlobalResponseHandler - 响应包装完成，原始类型: AuthResponse, 包装后: ApiResponse
2025-09-29 17:36:23 [SpringApplicationShutdownHook] INFO  o.s.o.j.LocalContainerEntityManagerFactoryBean - Closing JPA EntityManagerFactory for persistence unit 'default'
2025-09-29 17:36:23 [SpringApplicationShutdownHook] INFO  com.zaxxer.hikari.HikariDataSource - HikariPool-1 - Shutdown initiated...
2025-09-29 17:36:23 [SpringApplicationShutdownHook] INFO  com.zaxxer.hikari.HikariDataSource - HikariPool-1 - Shutdown completed.
2025-09-29 17:36:48 [main] INFO  com.heartplan.HeartPlanApplication - Starting HeartPlanApplication using Java 21.0.8 with PID 24688 (E:\桌面\heartPlan\backend\target\classes started by CD-273 in E:\桌面\heartPlan\backend)
2025-09-29 17:36:48 [main] DEBUG com.heartplan.HeartPlanApplication - Running with Spring Boot v3.1.5, Spring v6.0.13
2025-09-29 17:36:48 [main] INFO  com.heartplan.HeartPlanApplication - No active profile set, falling back to 1 default profile: "default"
2025-09-29 17:36:48 [main] INFO  o.s.d.r.c.RepositoryConfigurationDelegate - Multiple Spring Data modules found, entering strict repository configuration mode
2025-09-29 17:36:48 [main] INFO  o.s.d.r.c.RepositoryConfigurationDelegate - Bootstrapping Spring Data JPA repositories in DEFAULT mode.
2025-09-29 17:36:48 [main] INFO  o.s.d.r.c.RepositoryConfigurationDelegate - Finished Spring Data repository scanning in 85 ms. Found 1 JPA repository interfaces.
2025-09-29 17:36:48 [main] INFO  o.s.d.r.c.RepositoryConfigurationDelegate - Multiple Spring Data modules found, entering strict repository configuration mode
2025-09-29 17:36:48 [main] INFO  o.s.d.r.c.RepositoryConfigurationDelegate - Bootstrapping Spring Data Redis repositories in DEFAULT mode.
2025-09-29 17:36:48 [main] INFO  o.s.d.r.c.RepositoryConfigurationExtensionSupport - Spring Data Redis - Could not safely identify store assignment for repository candidate interface com.heartplan.repository.UserRepository; If you want this repository to be a Redis repository, consider annotating your entities with one of these annotations: org.springframework.data.redis.core.RedisHash (preferred), or consider extending one of the following types with your repository: org.springframework.data.keyvalue.repository.KeyValueRepository
2025-09-29 17:36:48 [main] INFO  o.s.d.r.c.RepositoryConfigurationDelegate - Finished Spring Data repository scanning in 15 ms. Found 0 Redis repository interfaces.
2025-09-29 17:36:49 [main] INFO  o.s.b.w.e.tomcat.TomcatWebServer - Tomcat initialized with port(s): 8080 (http)
2025-09-29 17:36:49 [main] INFO  o.a.catalina.core.StandardService - Starting service [Tomcat]
2025-09-29 17:36:49 [main] INFO  o.a.catalina.core.StandardEngine - Starting Servlet engine: [Apache Tomcat/10.1.15]
2025-09-29 17:36:49 [main] INFO  o.a.c.c.C.[.[localhost].[/api] - Initializing Spring embedded WebApplicationContext
2025-09-29 17:36:49 [main] INFO  o.s.b.w.s.c.ServletWebServerApplicationContext - Root WebApplicationContext: initialization completed in 1160 ms
2025-09-29 17:36:49 [main] INFO  o.h.jpa.internal.util.LogHelper - HHH000204: Processing PersistenceUnitInfo [name: default]
2025-09-29 17:36:49 [main] INFO  org.hibernate.Version - HHH000412: Hibernate ORM core version 6.2.13.Final
2025-09-29 17:36:49 [main] INFO  org.hibernate.cfg.Environment - HHH000406: Using bytecode reflection optimizer
2025-09-29 17:36:49 [main] INFO  o.s.o.j.p.SpringPersistenceUnitInfo - No LoadTimeWeaver setup: ignoring JPA class transformer
2025-09-29 17:36:49 [main] INFO  com.zaxxer.hikari.HikariDataSource - HikariPool-1 - Starting...
2025-09-29 17:36:49 [main] INFO  com.zaxxer.hikari.pool.HikariPool - HikariPool-1 - Added connection com.mysql.cj.jdbc.ConnectionImpl@351d93bd
2025-09-29 17:36:49 [main] INFO  com.zaxxer.hikari.HikariDataSource - HikariPool-1 - Start completed.
2025-09-29 17:36:49 [main] WARN  org.hibernate.orm.deprecation - HHH90000025: MySQL8Dialect does not need to be specified explicitly using 'hibernate.dialect' (remove the property setting and it will be selected by default)
2025-09-29 17:36:49 [main] WARN  org.hibernate.orm.deprecation - HHH90000026: MySQL8Dialect has been deprecated; use org.hibernate.dialect.MySQLDialect instead
2025-09-29 17:36:50 [main] INFO  o.h.e.t.j.p.i.JtaPlatformInitiator - HHH000489: No JTA platform available (set 'hibernate.transaction.jta.platform' to enable JTA platform integration)
2025-09-29 17:36:50 [main] INFO  o.s.o.j.LocalContainerEntityManagerFactoryBean - Initialized JPA EntityManagerFactory for persistence unit 'default'
2025-09-29 17:36:50 [main] INFO  o.s.d.j.r.query.QueryEnhancerFactory - Hibernate is in classpath; If applicable, HQL parser will be used.
2025-09-29 17:36:50 [main] DEBUG c.h.security.JwtAuthenticationFilter - Filter 'jwtAuthenticationFilter' configured for use
2025-09-29 17:36:50 [main] INFO  com.heartplan.config.DatabaseConfig - 初始化数据库配置...
2025-09-29 17:36:50 [main] INFO  com.heartplan.config.DatabaseConfig - JPA仓库扫描包: com.heartplan.repository
2025-09-29 17:36:50 [main] INFO  com.heartplan.config.DatabaseConfig - 事务管理已启用
2025-09-29 17:36:50 [main] INFO  com.heartplan.config.DatabaseConfig - 数据库配置初始化完成
2025-09-29 17:36:51 [main] INFO  com.heartplan.config.RedisConfig - 正在配置Redis模板...
2025-09-29 17:36:51 [main] INFO  com.heartplan.config.RedisConfig - Redis模板配置完成
2025-09-29 17:36:51 [main] WARN  o.s.b.a.o.j.JpaBaseConfiguration$JpaWebConfiguration - spring.jpa.open-in-view is enabled by default. Therefore, database queries may be performed during view rendering. Explicitly configure spring.jpa.open-in-view to disable this warning
2025-09-29 17:36:51 [main] INFO  o.s.s.web.DefaultSecurityFilterChain - Will secure any request with [org.springframework.security.web.session.DisableEncodeUrlFilter@7d39c9c, org.springframework.security.web.context.request.async.WebAsyncManagerIntegrationFilter@135a8812, org.springframework.security.web.context.SecurityContextHolderFilter@580694ce, org.springframework.security.web.header.HeaderWriterFilter@4746b5d, org.springframework.web.filter.CorsFilter@54ebacdc, org.springframework.security.web.authentication.logout.LogoutFilter@55d607b, com.heartplan.security.JwtAuthenticationFilter@558fa64a, org.springframework.security.web.savedrequest.RequestCacheAwareFilter@579071ef, org.springframework.security.web.servletapi.SecurityContextHolderAwareRequestFilter@7b886bd3, org.springframework.security.web.authentication.AnonymousAuthenticationFilter@618c387d, org.springframework.security.web.session.SessionManagementFilter@3656a6cd, org.springframework.security.web.access.ExceptionTranslationFilter@f5b08d4, org.springframework.security.web.access.intercept.AuthorizationFilter@2796716d]
2025-09-29 17:36:51 [main] INFO  o.s.b.w.e.tomcat.TomcatWebServer - Tomcat started on port(s): 8080 (http) with context path '/api'
2025-09-29 17:36:51 [main] INFO  com.heartplan.HeartPlanApplication - Started HeartPlanApplication in 3.776 seconds (process running for 4.07)
2025-09-29 17:36:55 [http-nio-8080-exec-1] INFO  o.a.c.c.C.[.[localhost].[/api] - Initializing Spring DispatcherServlet 'dispatcherServlet'
2025-09-29 17:36:55 [http-nio-8080-exec-1] INFO  o.s.web.servlet.DispatcherServlet - Initializing Servlet 'dispatcherServlet'
2025-09-29 17:36:55 [http-nio-8080-exec-1] INFO  o.s.web.servlet.DispatcherServlet - Completed initialization in 2 ms
2025-09-29 17:36:55 [http-nio-8080-exec-1] DEBUG o.s.security.web.FilterChainProxy - Securing POST /auth/refresh
2025-09-29 17:36:55 [http-nio-8080-exec-1] DEBUG org.hibernate.SQL - 
    select
        u1_0.id,
        u1_0.age,
        u1_0.avatar_url,
        u1_0.created_at,
        u1_0.email,
        u1_0.enabled,
        u1_0.gender,
        u1_0.location,
        u1_0.password,
        u1_0.relationship_status,
        u1_0.updated_at,
        u1_0.username 
    from
        users u1_0 
    where
        u1_0.email=? 
        and u1_0.enabled
2025-09-29 17:36:55 [http-nio-8080-exec-1] DEBUG o.s.security.web.FilterChainProxy - Secured POST /auth/refresh
2025-09-29 17:36:55 [http-nio-8080-exec-1] INFO  c.h.controller.AuthController - 收到刷新令牌请求
2025-09-29 17:36:55 [http-nio-8080-exec-1] INFO  com.heartplan.service.AuthService - Attempting to refresh access token
2025-09-29 17:36:55 [http-nio-8080-exec-1] DEBUG org.hibernate.SQL - 
    select
        u1_0.id,
        u1_0.age,
        u1_0.avatar_url,
        u1_0.created_at,
        u1_0.email,
        u1_0.enabled,
        u1_0.gender,
        u1_0.location,
        u1_0.password,
        u1_0.relationship_status,
        u1_0.updated_at,
        u1_0.username 
    from
        users u1_0 
    where
        u1_0.email=? 
        and u1_0.enabled
2025-09-29 17:36:55 [http-nio-8080-exec-1] INFO  com.heartplan.service.AuthService - Successfully refreshed access token for user: 734404955@qq.com
2025-09-29 17:36:55 [http-nio-8080-exec-1] INFO  c.h.controller.AuthController - 令牌刷新成功，用户: 734404955@qq.com
2025-09-29 17:36:55 [http-nio-8080-exec-1] DEBUG c.h.config.GlobalResponseHandler - 响应包装完成，原始类型: AuthResponse, 包装后: ApiResponse
2025-09-29 17:37:10 [http-nio-8080-exec-2] DEBUG o.s.security.web.FilterChainProxy - Securing POST /auth/refresh
2025-09-29 17:37:10 [http-nio-8080-exec-2] DEBUG org.hibernate.SQL - 
    select
        u1_0.id,
        u1_0.age,
        u1_0.avatar_url,
        u1_0.created_at,
        u1_0.email,
        u1_0.enabled,
        u1_0.gender,
        u1_0.location,
        u1_0.password,
        u1_0.relationship_status,
        u1_0.updated_at,
        u1_0.username 
    from
        users u1_0 
    where
        u1_0.email=? 
        and u1_0.enabled
2025-09-29 17:37:10 [http-nio-8080-exec-2] DEBUG o.s.security.web.FilterChainProxy - Secured POST /auth/refresh
2025-09-29 17:37:10 [http-nio-8080-exec-2] INFO  c.h.controller.AuthController - 收到刷新令牌请求
2025-09-29 17:37:10 [http-nio-8080-exec-2] INFO  com.heartplan.service.AuthService - Attempting to refresh access token
2025-09-29 17:37:10 [http-nio-8080-exec-2] DEBUG org.hibernate.SQL - 
    select
        u1_0.id,
        u1_0.age,
        u1_0.avatar_url,
        u1_0.created_at,
        u1_0.email,
        u1_0.enabled,
        u1_0.gender,
        u1_0.location,
        u1_0.password,
        u1_0.relationship_status,
        u1_0.updated_at,
        u1_0.username 
    from
        users u1_0 
    where
        u1_0.email=? 
        and u1_0.enabled
2025-09-29 17:37:10 [http-nio-8080-exec-2] INFO  com.heartplan.service.AuthService - Successfully refreshed access token for user: 734404955@qq.com
2025-09-29 17:37:10 [http-nio-8080-exec-2] INFO  c.h.controller.AuthController - 令牌刷新成功，用户: 734404955@qq.com
2025-09-29 17:37:10 [http-nio-8080-exec-2] DEBUG c.h.config.GlobalResponseHandler - 响应包装完成，原始类型: AuthResponse, 包装后: ApiResponse
2025-09-29 17:37:41 [http-nio-8080-exec-3] DEBUG o.s.security.web.FilterChainProxy - Securing POST /auth/login
2025-09-29 17:37:41 [http-nio-8080-exec-3] DEBUG o.s.s.w.a.AnonymousAuthenticationFilter - Set SecurityContextHolder to anonymous SecurityContext
2025-09-29 17:37:41 [http-nio-8080-exec-3] DEBUG o.s.security.web.FilterChainProxy - Secured POST /auth/login
2025-09-29 17:37:41 [http-nio-8080-exec-3] INFO  c.h.controller.AuthController - 收到登录请求，邮箱: 734404955@qq.com
2025-09-29 17:37:41 [http-nio-8080-exec-3] INFO  com.heartplan.service.AuthService - User attempting login, email: 734404955@qq.com
2025-09-29 17:37:41 [http-nio-8080-exec-3] DEBUG org.hibernate.SQL - 
    select
        u1_0.id,
        u1_0.age,
        u1_0.avatar_url,
        u1_0.created_at,
        u1_0.email,
        u1_0.enabled,
        u1_0.gender,
        u1_0.location,
        u1_0.password,
        u1_0.relationship_status,
        u1_0.updated_at,
        u1_0.username 
    from
        users u1_0 
    where
        u1_0.email=? 
        and u1_0.enabled
2025-09-29 17:37:42 [http-nio-8080-exec-3] WARN  com.heartplan.service.AuthService - User login failed, email: 734404955@qq.com, reason: Invalid password
2025-09-29 17:37:42 [http-nio-8080-exec-3] WARN  c.h.config.GlobalExceptionHandler - 认证失败: Invalid email or password
2025-09-29 17:37:42 [http-nio-8080-exec-3] DEBUG c.h.config.GlobalResponseHandler - 响应已经是ApiResponse格式，直接返回
2025-09-29 17:37:52 [http-nio-8080-exec-4] DEBUG o.s.security.web.FilterChainProxy - Securing POST /auth/login
2025-09-29 17:37:52 [http-nio-8080-exec-4] DEBUG o.s.s.w.a.AnonymousAuthenticationFilter - Set SecurityContextHolder to anonymous SecurityContext
2025-09-29 17:37:52 [http-nio-8080-exec-4] DEBUG o.s.security.web.FilterChainProxy - Secured POST /auth/login
2025-09-29 17:37:52 [http-nio-8080-exec-4] INFO  c.h.controller.AuthController - 收到登录请求，邮箱: 734404955@qq.com
2025-09-29 17:37:52 [http-nio-8080-exec-4] INFO  com.heartplan.service.AuthService - User attempting login, email: 734404955@qq.com
2025-09-29 17:37:52 [http-nio-8080-exec-4] DEBUG org.hibernate.SQL - 
    select
        u1_0.id,
        u1_0.age,
        u1_0.avatar_url,
        u1_0.created_at,
        u1_0.email,
        u1_0.enabled,
        u1_0.gender,
        u1_0.location,
        u1_0.password,
        u1_0.relationship_status,
        u1_0.updated_at,
        u1_0.username 
    from
        users u1_0 
    where
        u1_0.email=? 
        and u1_0.enabled
2025-09-29 17:37:52 [http-nio-8080-exec-4] INFO  com.heartplan.service.AuthService - User login successful, ID: 1, Username: ned
2025-09-29 17:37:52 [http-nio-8080-exec-4] INFO  com.heartplan.service.AuthService - Generated login token for user: 734404955@qq.com
2025-09-29 17:37:52 [http-nio-8080-exec-4] INFO  c.h.controller.AuthController - 用户登录成功，邮箱: 734404955@qq.com, 用户ID: 1
2025-09-29 17:37:52 [http-nio-8080-exec-4] DEBUG c.h.config.GlobalResponseHandler - 响应包装完成，原始类型: AuthResponse, 包装后: ApiResponse
2025-09-29 17:38:13 [http-nio-8080-exec-5] DEBUG o.s.security.web.FilterChainProxy - Securing POST /auth/refresh
2025-09-29 17:38:13 [http-nio-8080-exec-5] DEBUG org.hibernate.SQL - 
    select
        u1_0.id,
        u1_0.age,
        u1_0.avatar_url,
        u1_0.created_at,
        u1_0.email,
        u1_0.enabled,
        u1_0.gender,
        u1_0.location,
        u1_0.password,
        u1_0.relationship_status,
        u1_0.updated_at,
        u1_0.username 
    from
        users u1_0 
    where
        u1_0.email=? 
        and u1_0.enabled
2025-09-29 17:38:13 [http-nio-8080-exec-5] DEBUG o.s.security.web.FilterChainProxy - Secured POST /auth/refresh
2025-09-29 17:38:13 [http-nio-8080-exec-5] INFO  c.h.controller.AuthController - 收到刷新令牌请求
2025-09-29 17:38:13 [http-nio-8080-exec-5] INFO  com.heartplan.service.AuthService - Attempting to refresh access token
2025-09-29 17:38:13 [http-nio-8080-exec-5] DEBUG org.hibernate.SQL - 
    select
        u1_0.id,
        u1_0.age,
        u1_0.avatar_url,
        u1_0.created_at,
        u1_0.email,
        u1_0.enabled,
        u1_0.gender,
        u1_0.location,
        u1_0.password,
        u1_0.relationship_status,
        u1_0.updated_at,
        u1_0.username 
    from
        users u1_0 
    where
        u1_0.email=? 
        and u1_0.enabled
2025-09-29 17:38:13 [http-nio-8080-exec-5] INFO  com.heartplan.service.AuthService - Successfully refreshed access token for user: 734404955@qq.com
2025-09-29 17:38:13 [http-nio-8080-exec-5] INFO  c.h.controller.AuthController - 令牌刷新成功，用户: 734404955@qq.com
2025-09-29 17:38:13 [http-nio-8080-exec-5] DEBUG c.h.config.GlobalResponseHandler - 响应包装完成，原始类型: AuthResponse, 包装后: ApiResponse
2025-09-29 17:38:56 [http-nio-8080-exec-6] DEBUG o.s.security.web.FilterChainProxy - Securing POST /auth/refresh
2025-09-29 17:38:56 [http-nio-8080-exec-6] DEBUG org.hibernate.SQL - 
    select
        u1_0.id,
        u1_0.age,
        u1_0.avatar_url,
        u1_0.created_at,
        u1_0.email,
        u1_0.enabled,
        u1_0.gender,
        u1_0.location,
        u1_0.password,
        u1_0.relationship_status,
        u1_0.updated_at,
        u1_0.username 
    from
        users u1_0 
    where
        u1_0.email=? 
        and u1_0.enabled
2025-09-29 17:38:56 [http-nio-8080-exec-6] DEBUG o.s.security.web.FilterChainProxy - Secured POST /auth/refresh
2025-09-29 17:38:56 [http-nio-8080-exec-6] INFO  c.h.controller.AuthController - 收到刷新令牌请求
2025-09-29 17:38:56 [http-nio-8080-exec-6] INFO  com.heartplan.service.AuthService - Attempting to refresh access token
2025-09-29 17:38:56 [http-nio-8080-exec-6] DEBUG org.hibernate.SQL - 
    select
        u1_0.id,
        u1_0.age,
        u1_0.avatar_url,
        u1_0.created_at,
        u1_0.email,
        u1_0.enabled,
        u1_0.gender,
        u1_0.location,
        u1_0.password,
        u1_0.relationship_status,
        u1_0.updated_at,
        u1_0.username 
    from
        users u1_0 
    where
        u1_0.email=? 
        and u1_0.enabled
2025-09-29 17:38:56 [http-nio-8080-exec-6] INFO  com.heartplan.service.AuthService - Successfully refreshed access token for user: 734404955@qq.com
2025-09-29 17:38:56 [http-nio-8080-exec-6] INFO  c.h.controller.AuthController - 令牌刷新成功，用户: 734404955@qq.com
2025-09-29 17:38:56 [http-nio-8080-exec-6] DEBUG c.h.config.GlobalResponseHandler - 响应包装完成，原始类型: AuthResponse, 包装后: ApiResponse
2025-09-29 17:39:01 [SpringApplicationShutdownHook] INFO  o.s.o.j.LocalContainerEntityManagerFactoryBean - Closing JPA EntityManagerFactory for persistence unit 'default'
2025-09-29 17:39:01 [SpringApplicationShutdownHook] INFO  com.zaxxer.hikari.HikariDataSource - HikariPool-1 - Shutdown initiated...
2025-09-29 17:39:01 [SpringApplicationShutdownHook] INFO  com.zaxxer.hikari.HikariDataSource - HikariPool-1 - Shutdown completed.
2025-09-29 17:41:05 [main] INFO  com.heartplan.HeartPlanApplication - Starting HeartPlanApplication using Java 21.0.8 with PID 15640 (E:\桌面\heartPlan\backend\target\classes started by CD-273 in E:\桌面\heartPlan\backend)
2025-09-29 17:41:05 [main] DEBUG com.heartplan.HeartPlanApplication - Running with Spring Boot v3.1.5, Spring v6.0.13
2025-09-29 17:41:05 [main] INFO  com.heartplan.HeartPlanApplication - No active profile set, falling back to 1 default profile: "default"
2025-09-29 17:41:06 [main] INFO  o.s.d.r.c.RepositoryConfigurationDelegate - Multiple Spring Data modules found, entering strict repository configuration mode
2025-09-29 17:41:06 [main] INFO  o.s.d.r.c.RepositoryConfigurationDelegate - Bootstrapping Spring Data JPA repositories in DEFAULT mode.
2025-09-29 17:41:06 [main] INFO  o.s.d.r.c.RepositoryConfigurationDelegate - Finished Spring Data repository scanning in 104 ms. Found 1 JPA repository interfaces.
2025-09-29 17:41:06 [main] INFO  o.s.d.r.c.RepositoryConfigurationDelegate - Multiple Spring Data modules found, entering strict repository configuration mode
2025-09-29 17:41:06 [main] INFO  o.s.d.r.c.RepositoryConfigurationDelegate - Bootstrapping Spring Data Redis repositories in DEFAULT mode.
2025-09-29 17:41:06 [main] INFO  o.s.d.r.c.RepositoryConfigurationExtensionSupport - Spring Data Redis - Could not safely identify store assignment for repository candidate interface com.heartplan.repository.UserRepository; If you want this repository to be a Redis repository, consider annotating your entities with one of these annotations: org.springframework.data.redis.core.RedisHash (preferred), or consider extending one of the following types with your repository: org.springframework.data.keyvalue.repository.KeyValueRepository
2025-09-29 17:41:06 [main] INFO  o.s.d.r.c.RepositoryConfigurationDelegate - Finished Spring Data repository scanning in 13 ms. Found 0 Redis repository interfaces.
2025-09-29 17:41:07 [main] INFO  o.s.b.w.e.tomcat.TomcatWebServer - Tomcat initialized with port(s): 8080 (http)
2025-09-29 17:41:07 [main] INFO  o.a.catalina.core.StandardService - Starting service [Tomcat]
2025-09-29 17:41:07 [main] INFO  o.a.catalina.core.StandardEngine - Starting Servlet engine: [Apache Tomcat/10.1.15]
2025-09-29 17:41:07 [main] INFO  o.a.c.c.C.[.[localhost].[/api] - Initializing Spring embedded WebApplicationContext
2025-09-29 17:41:07 [main] INFO  o.s.b.w.s.c.ServletWebServerApplicationContext - Root WebApplicationContext: initialization completed in 1159 ms
2025-09-29 17:41:07 [main] INFO  o.h.jpa.internal.util.LogHelper - HHH000204: Processing PersistenceUnitInfo [name: default]
2025-09-29 17:41:07 [main] INFO  org.hibernate.Version - HHH000412: Hibernate ORM core version 6.2.13.Final
2025-09-29 17:41:07 [main] INFO  org.hibernate.cfg.Environment - HHH000406: Using bytecode reflection optimizer
2025-09-29 17:41:07 [main] INFO  o.s.o.j.p.SpringPersistenceUnitInfo - No LoadTimeWeaver setup: ignoring JPA class transformer
2025-09-29 17:41:07 [main] INFO  com.zaxxer.hikari.HikariDataSource - HikariPool-1 - Starting...
2025-09-29 17:41:07 [main] INFO  com.zaxxer.hikari.pool.HikariPool - HikariPool-1 - Added connection com.mysql.cj.jdbc.ConnectionImpl@2ee456c7
2025-09-29 17:41:07 [main] INFO  com.zaxxer.hikari.HikariDataSource - HikariPool-1 - Start completed.
2025-09-29 17:41:07 [main] WARN  org.hibernate.orm.deprecation - HHH90000025: MySQL8Dialect does not need to be specified explicitly using 'hibernate.dialect' (remove the property setting and it will be selected by default)
2025-09-29 17:41:07 [main] WARN  org.hibernate.orm.deprecation - HHH90000026: MySQL8Dialect has been deprecated; use org.hibernate.dialect.MySQLDialect instead
2025-09-29 17:41:08 [main] INFO  o.h.e.t.j.p.i.JtaPlatformInitiator - HHH000489: No JTA platform available (set 'hibernate.transaction.jta.platform' to enable JTA platform integration)
2025-09-29 17:41:08 [main] INFO  o.s.o.j.LocalContainerEntityManagerFactoryBean - Initialized JPA EntityManagerFactory for persistence unit 'default'
2025-09-29 17:41:08 [main] INFO  o.s.d.j.r.query.QueryEnhancerFactory - Hibernate is in classpath; If applicable, HQL parser will be used.
2025-09-29 17:41:08 [main] DEBUG c.h.security.JwtAuthenticationFilter - Filter 'jwtAuthenticationFilter' configured for use
2025-09-29 17:41:08 [main] INFO  com.heartplan.config.DatabaseConfig - 初始化数据库配置...
2025-09-29 17:41:08 [main] INFO  com.heartplan.config.DatabaseConfig - JPA仓库扫描包: com.heartplan.repository
2025-09-29 17:41:08 [main] INFO  com.heartplan.config.DatabaseConfig - 事务管理已启用
2025-09-29 17:41:08 [main] INFO  com.heartplan.config.DatabaseConfig - 数据库配置初始化完成
2025-09-29 17:41:08 [main] INFO  com.heartplan.config.RedisConfig - 正在配置Redis模板...
2025-09-29 17:41:08 [main] INFO  com.heartplan.config.RedisConfig - Redis模板配置完成
2025-09-29 17:41:09 [main] WARN  o.s.b.a.o.j.JpaBaseConfiguration$JpaWebConfiguration - spring.jpa.open-in-view is enabled by default. Therefore, database queries may be performed during view rendering. Explicitly configure spring.jpa.open-in-view to disable this warning
2025-09-29 17:41:09 [main] INFO  o.s.s.web.DefaultSecurityFilterChain - Will secure any request with [org.springframework.security.web.session.DisableEncodeUrlFilter@1bb5dce0, org.springframework.security.web.context.request.async.WebAsyncManagerIntegrationFilter@7d39c9c, org.springframework.security.web.context.SecurityContextHolderFilter@5967f0ff, org.springframework.security.web.header.HeaderWriterFilter@56a3da69, org.springframework.web.filter.CorsFilter@135a8812, org.springframework.security.web.authentication.logout.LogoutFilter@60c8cc46, com.heartplan.security.JwtAuthenticationFilter@189f2184, org.springframework.security.web.savedrequest.RequestCacheAwareFilter@5be521cd, org.springframework.security.web.servletapi.SecurityContextHolderAwareRequestFilter@2fc378cd, org.springframework.security.web.authentication.AnonymousAuthenticationFilter@54ebacdc, org.springframework.security.web.session.SessionManagementFilter@611c1f92, org.springframework.security.web.access.ExceptionTranslationFilter@40c4b938, org.springframework.security.web.access.intercept.AuthorizationFilter@5f33123]
2025-09-29 17:41:09 [main] INFO  o.s.b.w.e.tomcat.TomcatWebServer - Tomcat started on port(s): 8080 (http) with context path '/api'
2025-09-29 17:41:09 [main] INFO  com.heartplan.HeartPlanApplication - Started HeartPlanApplication in 3.777 seconds (process running for 4.073)
2025-09-29 17:41:12 [http-nio-8080-exec-1] INFO  o.a.c.c.C.[.[localhost].[/api] - Initializing Spring DispatcherServlet 'dispatcherServlet'
2025-09-29 17:41:12 [http-nio-8080-exec-1] INFO  o.s.web.servlet.DispatcherServlet - Initializing Servlet 'dispatcherServlet'
2025-09-29 17:41:12 [http-nio-8080-exec-1] INFO  o.s.web.servlet.DispatcherServlet - Completed initialization in 5 ms
2025-09-29 17:41:12 [http-nio-8080-exec-1] DEBUG o.s.security.web.FilterChainProxy - Securing POST /auth/refresh
2025-09-29 17:41:13 [http-nio-8080-exec-1] DEBUG org.hibernate.SQL - 
    select
        u1_0.id,
        u1_0.age,
        u1_0.avatar_url,
        u1_0.created_at,
        u1_0.email,
        u1_0.enabled,
        u1_0.gender,
        u1_0.location,
        u1_0.password,
        u1_0.relationship_status,
        u1_0.updated_at,
        u1_0.username 
    from
        users u1_0 
    where
        u1_0.email=? 
        and u1_0.enabled
2025-09-29 17:41:13 [http-nio-8080-exec-1] DEBUG o.s.security.web.FilterChainProxy - Secured POST /auth/refresh
2025-09-29 17:41:13 [http-nio-8080-exec-1] INFO  c.h.controller.AuthController - 收到刷新令牌请求
2025-09-29 17:41:13 [http-nio-8080-exec-1] INFO  com.heartplan.service.AuthService - Attempting to refresh access token
2025-09-29 17:41:13 [http-nio-8080-exec-1] DEBUG org.hibernate.SQL - 
    select
        u1_0.id,
        u1_0.age,
        u1_0.avatar_url,
        u1_0.created_at,
        u1_0.email,
        u1_0.enabled,
        u1_0.gender,
        u1_0.location,
        u1_0.password,
        u1_0.relationship_status,
        u1_0.updated_at,
        u1_0.username 
    from
        users u1_0 
    where
        u1_0.email=? 
        and u1_0.enabled
2025-09-29 17:41:13 [http-nio-8080-exec-1] INFO  com.heartplan.service.AuthService - Successfully refreshed access token for user: 734404955@qq.com
2025-09-29 17:41:13 [http-nio-8080-exec-1] INFO  c.h.controller.AuthController - 令牌刷新成功，用户: 734404955@qq.com
2025-09-29 17:41:13 [http-nio-8080-exec-1] DEBUG c.h.config.GlobalResponseHandler - 响应包装完成，原始类型: AuthResponse, 包装后: ApiResponse
2025-09-29 17:45:08 [SpringApplicationShutdownHook] INFO  o.s.o.j.LocalContainerEntityManagerFactoryBean - Closing JPA EntityManagerFactory for persistence unit 'default'
2025-09-29 17:45:08 [SpringApplicationShutdownHook] INFO  com.zaxxer.hikari.HikariDataSource - HikariPool-1 - Shutdown initiated...
2025-09-29 17:45:08 [SpringApplicationShutdownHook] INFO  com.zaxxer.hikari.HikariDataSource - HikariPool-1 - Shutdown completed.
