2025-09-23 21:04:29 [main] INFO  com.heartplan.HeartPlanApplication - Starting HeartPlanApplication using Java 21.0.8 with PID 40568 (E:\桌面\heartPlan\backend\target\classes started by CD-273 in E:\桌面\heartPlan)
2025-09-23 21:04:29 [main] DEBUG com.heartplan.HeartPlanApplication - Running with Spring Boot v3.1.5, Spring v6.0.13
2025-09-23 21:04:29 [main] INFO  com.heartplan.HeartPlanApplication - No active profile set, falling back to 1 default profile: "default"
2025-09-23 21:04:30 [main] INFO  com.heartplan.HeartPlanApplication - Starting HeartPlanApplication using Java 21.0.8 with PID 25900 (E:\桌面\heartPlan\backend\target\classes started by CD-273 in E:\桌面\heartPlan)
2025-09-23 21:04:30 [main] DEBUG com.heartplan.HeartPlanApplication - Running with Spring Boot v3.1.5, Spring v6.0.13
2025-09-23 21:04:30 [main] INFO  com.heartplan.HeartPlanApplication - No active profile set, falling back to 1 default profile: "default"
2025-09-23 21:04:31 [main] INFO  o.s.d.r.c.RepositoryConfigurationDelegate - Multiple Spring Data modules found, entering strict repository configuration mode
2025-09-23 21:04:31 [main] INFO  o.s.d.r.c.RepositoryConfigurationDelegate - Bootstrapping Spring Data JPA repositories in DEFAULT mode.
2025-09-23 21:04:31 [main] INFO  o.s.d.r.c.RepositoryConfigurationDelegate - Finished Spring Data repository scanning in 401 ms. Found 1 JPA repository interfaces.
2025-09-23 21:04:32 [main] INFO  o.s.d.r.c.RepositoryConfigurationDelegate - Multiple Spring Data modules found, entering strict repository configuration mode
2025-09-23 21:04:32 [main] INFO  o.s.d.r.c.RepositoryConfigurationDelegate - Bootstrapping Spring Data Redis repositories in DEFAULT mode.
2025-09-23 21:04:32 [main] INFO  o.s.d.r.c.RepositoryConfigurationExtensionSupport - Spring Data Redis - Could not safely identify store assignment for repository candidate interface com.heartplan.repository.UserRepository; If you want this repository to be a Redis repository, consider annotating your entities with one of these annotations: org.springframework.data.redis.core.RedisHash (preferred), or consider extending one of the following types with your repository: org.springframework.data.keyvalue.repository.KeyValueRepository
2025-09-23 21:04:32 [main] INFO  o.s.d.r.c.RepositoryConfigurationDelegate - Finished Spring Data repository scanning in 31 ms. Found 0 Redis repository interfaces.
2025-09-23 21:04:37 [main] INFO  com.heartplan.HeartPlanApplication - Starting HeartPlanApplication using Java 21.0.8 with PID 31108 (E:\桌面\heartPlan\backend\target\classes started by CD-273 in E:\桌面\heartPlan)
2025-09-23 21:04:37 [main] DEBUG com.heartplan.HeartPlanApplication - Running with Spring Boot v3.1.5, Spring v6.0.13
2025-09-23 21:04:37 [main] INFO  com.heartplan.HeartPlanApplication - No active profile set, falling back to 1 default profile: "default"
2025-09-23 21:04:38 [main] INFO  o.s.d.r.c.RepositoryConfigurationDelegate - Multiple Spring Data modules found, entering strict repository configuration mode
2025-09-23 21:04:38 [main] INFO  o.s.d.r.c.RepositoryConfigurationDelegate - Bootstrapping Spring Data JPA repositories in DEFAULT mode.
2025-09-23 21:04:38 [main] INFO  o.s.d.r.c.RepositoryConfigurationDelegate - Finished Spring Data repository scanning in 104 ms. Found 1 JPA repository interfaces.
2025-09-23 21:04:39 [main] INFO  o.s.d.r.c.RepositoryConfigurationDelegate - Multiple Spring Data modules found, entering strict repository configuration mode
2025-09-23 21:04:39 [main] INFO  o.s.d.r.c.RepositoryConfigurationDelegate - Bootstrapping Spring Data Redis repositories in DEFAULT mode.
2025-09-23 21:04:39 [main] INFO  o.s.d.r.c.RepositoryConfigurationExtensionSupport - Spring Data Redis - Could not safely identify store assignment for repository candidate interface com.heartplan.repository.UserRepository; If you want this repository to be a Redis repository, consider annotating your entities with one of these annotations: org.springframework.data.redis.core.RedisHash (preferred), or consider extending one of the following types with your repository: org.springframework.data.keyvalue.repository.KeyValueRepository
2025-09-23 21:04:39 [main] INFO  o.s.d.r.c.RepositoryConfigurationDelegate - Finished Spring Data repository scanning in 28 ms. Found 0 Redis repository interfaces.
2025-09-23 21:04:39 [main] INFO  c.heartplan.config.FileUploadConfig - 文件上传配置已加载 - 最大文件大小: 5MB, 最大请求大小: 10MB
2025-09-23 21:04:40 [main] INFO  o.s.b.w.e.tomcat.TomcatWebServer - Tomcat initialized with port(s): 8080 (http)
2025-09-23 21:04:40 [main] INFO  o.a.catalina.core.StandardService - Starting service [Tomcat]
2025-09-23 21:04:40 [main] INFO  o.a.catalina.core.StandardEngine - Starting Servlet engine: [Apache Tomcat/10.1.15]
2025-09-23 21:04:40 [main] INFO  o.a.c.c.C.[.[localhost].[/api] - Initializing Spring embedded WebApplicationContext
2025-09-23 21:04:40 [main] INFO  o.s.b.w.s.c.ServletWebServerApplicationContext - Root WebApplicationContext: initialization completed in 2320 ms
2025-09-23 21:04:40 [main] INFO  o.h.jpa.internal.util.LogHelper - HHH000204: Processing PersistenceUnitInfo [name: default]
2025-09-23 21:04:40 [main] INFO  org.hibernate.Version - HHH000412: Hibernate ORM core version 6.2.13.Final
2025-09-23 21:04:40 [main] INFO  org.hibernate.cfg.Environment - HHH000406: Using bytecode reflection optimizer
2025-09-23 21:04:40 [main] INFO  o.s.o.j.p.SpringPersistenceUnitInfo - No LoadTimeWeaver setup: ignoring JPA class transformer
2025-09-23 21:04:40 [main] INFO  com.zaxxer.hikari.HikariDataSource - HikariPool-1 - Starting...
2025-09-23 21:04:41 [main] INFO  com.zaxxer.hikari.pool.HikariPool - HikariPool-1 - Added connection com.mysql.cj.jdbc.ConnectionImpl@51141f64
2025-09-23 21:04:41 [main] INFO  com.zaxxer.hikari.HikariDataSource - HikariPool-1 - Start completed.
2025-09-23 21:04:41 [main] WARN  org.hibernate.orm.deprecation - HHH90000025: MySQL8Dialect does not need to be specified explicitly using 'hibernate.dialect' (remove the property setting and it will be selected by default)
2025-09-23 21:04:41 [main] WARN  org.hibernate.orm.deprecation - HHH90000026: MySQL8Dialect has been deprecated; use org.hibernate.dialect.MySQLDialect instead
2025-09-23 21:04:41 [main] INFO  o.h.e.t.j.p.i.JtaPlatformInitiator - HHH000489: No JTA platform available (set 'hibernate.transaction.jta.platform' to enable JTA platform integration)
2025-09-23 21:04:42 [main] INFO  o.s.o.j.LocalContainerEntityManagerFactoryBean - Initialized JPA EntityManagerFactory for persistence unit 'default'
2025-09-23 21:04:42 [main] INFO  o.s.d.j.r.query.QueryEnhancerFactory - Hibernate is in classpath; If applicable, HQL parser will be used.
2025-09-23 21:04:42 [main] DEBUG c.h.security.JwtAuthenticationFilter - Filter 'jwtAuthenticationFilter' configured for use
2025-09-23 21:04:42 [main] INFO  com.heartplan.config.DatabaseConfig - 初始化数据库配置...
2025-09-23 21:04:42 [main] INFO  com.heartplan.config.DatabaseConfig - JPA仓库扫描包: com.heartplan.repository
2025-09-23 21:04:42 [main] INFO  com.heartplan.config.DatabaseConfig - JPA审计功能已启用
2025-09-23 21:04:42 [main] INFO  com.heartplan.config.DatabaseConfig - 事务管理已启用
2025-09-23 21:04:42 [main] INFO  com.heartplan.config.DatabaseConfig - 数据库配置初始化完成
2025-09-23 21:04:42 [main] INFO  com.heartplan.config.SecurityConfig - 配置认证管理器
2025-09-23 21:04:42 [main] INFO  com.heartplan.config.SecurityConfig - 配置BCrypt密码编码器
2025-09-23 21:04:43 [main] INFO  com.heartplan.config.RedisConfig - 正在配置Redis模板...
2025-09-23 21:04:43 [main] INFO  com.heartplan.config.RedisConfig - Redis模板配置完成
2025-09-23 21:04:43 [main] WARN  o.s.b.a.o.j.JpaBaseConfiguration$JpaWebConfiguration - spring.jpa.open-in-view is enabled by default. Therefore, database queries may be performed during view rendering. Explicitly configure spring.jpa.open-in-view to disable this warning
2025-09-23 21:04:43 [main] INFO  com.heartplan.config.SecurityConfig - 配置安全过滤器链 - 优化CORS和OPTIONS预检请求处理
2025-09-23 21:04:43 [main] INFO  com.heartplan.config.SecurityConfig - 配置CORS跨域设置 - 优化OPTIONS预检请求处理
2025-09-23 21:04:43 [main] INFO  com.heartplan.config.SecurityConfig - CORS配置完成:
2025-09-23 21:04:43 [main] INFO  com.heartplan.config.SecurityConfig - - 使用allowedOriginPatterns支持通配符模式
2025-09-23 21:04:43 [main] INFO  com.heartplan.config.SecurityConfig - - 允许携带凭证(allowCredentials=true)
2025-09-23 21:04:43 [main] INFO  com.heartplan.config.SecurityConfig - - OPTIONS预检请求缓存时间: 3600秒
2025-09-23 21:04:43 [main] INFO  com.heartplan.config.SecurityConfig - - 支持的HTTP方法: GET, POST, PUT, DELETE, OPTIONS, PATCH, HEAD
2025-09-23 21:04:43 [main] INFO  c.heartplan.config.FileUploadConfig - 创建上传目录: E:\桌面\heartPlan\uploads
2025-09-23 21:04:43 [main] INFO  c.heartplan.config.FileUploadConfig - 静态资源处理器已配置 - 上传目录: file:E:\桌面\heartPlan\uploads/, 访问路径: /files/**
2025-09-23 21:04:43 [main] INFO  com.heartplan.config.SecurityConfig - 安全过滤器链配置完成:
2025-09-23 21:04:43 [main] INFO  com.heartplan.config.SecurityConfig - - OPTIONS预检请求：允许所有
2025-09-23 21:04:43 [main] INFO  com.heartplan.config.SecurityConfig - - 认证接口(/auth/**)：允许匿名访问
2025-09-23 21:04:43 [main] INFO  com.heartplan.config.SecurityConfig - - CORS配置：已启用并优化
2025-09-23 21:04:43 [main] INFO  com.heartplan.config.SecurityConfig - - 会话管理：无状态模式
2025-09-23 21:04:43 [main] INFO  com.heartplan.config.SecurityConfig - - JWT认证过滤器：已添加
2025-09-23 21:04:43 [main] INFO  com.heartplan.config.SecurityConfig - - 认证异常处理：已配置
2025-09-23 21:04:43 [main] INFO  o.s.s.web.DefaultSecurityFilterChain - Will secure any request with [org.springframework.security.web.session.DisableEncodeUrlFilter@49bcd90d, org.springframework.security.web.context.request.async.WebAsyncManagerIntegrationFilter@1bb6bc81, org.springframework.security.web.context.SecurityContextHolderFilter@7902b006, org.springframework.security.web.header.HeaderWriterFilter@5bf9bb2, org.springframework.web.filter.CorsFilter@26c6be2d, org.springframework.security.web.authentication.logout.LogoutFilter@81ac569, com.heartplan.security.JwtAuthenticationFilter@eb1d7c8, org.springframework.security.web.savedrequest.RequestCacheAwareFilter@3b68a50c, org.springframework.security.web.servletapi.SecurityContextHolderAwareRequestFilter@4ba88ab5, org.springframework.security.web.authentication.AnonymousAuthenticationFilter@796affb8, org.springframework.security.web.session.SessionManagementFilter@7231c423, org.springframework.security.web.access.ExceptionTranslationFilter@672c6b93, org.springframework.security.web.access.intercept.AuthorizationFilter@34bcdc9f]
2025-09-23 21:04:44 [main] INFO  o.s.b.w.e.tomcat.TomcatWebServer - Tomcat started on port(s): 8080 (http) with context path '/api'
2025-09-23 21:04:44 [main] INFO  com.heartplan.HeartPlanApplication - Started HeartPlanApplication in 6.601 seconds (process running for 6.98)
2025-09-23 21:05:00 [http-nio-8080-exec-1] INFO  o.a.c.c.C.[.[localhost].[/api] - Initializing Spring DispatcherServlet 'dispatcherServlet'
2025-09-23 21:05:00 [http-nio-8080-exec-1] INFO  o.s.web.servlet.DispatcherServlet - Initializing Servlet 'dispatcherServlet'
2025-09-23 21:05:00 [http-nio-8080-exec-1] INFO  o.s.web.servlet.DispatcherServlet - Completed initialization in 1 ms
2025-09-23 21:05:00 [http-nio-8080-exec-1] DEBUG o.s.security.web.FilterChainProxy - Securing GET /auth/check-email?email=734404955%40qq.com
2025-09-23 21:05:00 [http-nio-8080-exec-1] DEBUG c.h.security.JwtAuthenticationFilter - 跳过JWT验证的路径: /api/auth/check-email
2025-09-23 21:05:00 [http-nio-8080-exec-1] DEBUG o.s.s.w.a.AnonymousAuthenticationFilter - Set SecurityContextHolder to anonymous SecurityContext
2025-09-23 21:05:00 [http-nio-8080-exec-1] DEBUG o.s.security.web.FilterChainProxy - Secured GET /auth/check-email?email=734404955%40qq.com
2025-09-23 21:05:00 [http-nio-8080-exec-1] DEBUG c.h.security.JwtAuthenticationFilter - 跳过JWT验证的路径: /api/auth/check-email
2025-09-23 21:05:00 [http-nio-8080-exec-1] INFO  c.h.controller.AuthController - 检查邮箱是否存在: 734404955@qq.com
2025-09-23 21:05:00 [http-nio-8080-exec-1] DEBUG org.hibernate.SQL - 
    select
        u1_0.id 
    from
        users u1_0 
    where
        u1_0.email=? 
    limit
        ?
2025-09-23 21:05:00 [http-nio-8080-exec-1] DEBUG com.heartplan.service.AuthService - 检查邮箱是否存在，邮箱: 734404955@qq.com, 结果: false
2025-09-23 21:05:00 [http-nio-8080-exec-1] INFO  c.h.controller.AuthController - 邮箱检查完成: 734404955@qq.com, 结果: false
2025-09-23 21:08:13 [http-nio-8080-exec-4] DEBUG o.s.security.web.FilterChainProxy - Securing POST /auth/login
2025-09-23 21:08:13 [http-nio-8080-exec-4] DEBUG c.h.security.JwtAuthenticationFilter - 跳过JWT验证的路径: /api/auth/login
2025-09-23 21:08:13 [http-nio-8080-exec-4] DEBUG o.s.s.w.a.AnonymousAuthenticationFilter - Set SecurityContextHolder to anonymous SecurityContext
2025-09-23 21:08:13 [http-nio-8080-exec-4] DEBUG o.s.security.web.FilterChainProxy - Secured POST /auth/login
2025-09-23 21:08:13 [http-nio-8080-exec-4] DEBUG c.h.security.JwtAuthenticationFilter - 跳过JWT验证的路径: /api/auth/login
2025-09-23 21:08:13 [http-nio-8080-exec-4] INFO  c.h.controller.AuthController - 收到登录请求，邮箱: 734404955@qq.com
2025-09-23 21:08:13 [http-nio-8080-exec-4] WARN  com.zaxxer.hikari.pool.PoolBase - HikariPool-1 - Failed to validate connection com.mysql.cj.jdbc.ConnectionImpl@51141f64 (No operations allowed after connection closed.). Possibly consider using a shorter maxLifetime value.
2025-09-23 21:08:13 [http-nio-8080-exec-4] WARN  com.zaxxer.hikari.pool.PoolBase - HikariPool-1 - Failed to validate connection com.mysql.cj.jdbc.ConnectionImpl@1ac49847 (No operations allowed after connection closed.). Possibly consider using a shorter maxLifetime value.
2025-09-23 21:08:13 [http-nio-8080-exec-4] WARN  com.zaxxer.hikari.pool.PoolBase - HikariPool-1 - Failed to validate connection com.mysql.cj.jdbc.ConnectionImpl@6785023d (No operations allowed after connection closed.). Possibly consider using a shorter maxLifetime value.
2025-09-23 21:08:13 [http-nio-8080-exec-4] WARN  com.zaxxer.hikari.pool.PoolBase - HikariPool-1 - Failed to validate connection com.mysql.cj.jdbc.ConnectionImpl@10c37477 (No operations allowed after connection closed.). Possibly consider using a shorter maxLifetime value.
2025-09-23 21:08:13 [http-nio-8080-exec-4] WARN  com.zaxxer.hikari.pool.PoolBase - HikariPool-1 - Failed to validate connection com.mysql.cj.jdbc.ConnectionImpl@247a3574 (No operations allowed after connection closed.). Possibly consider using a shorter maxLifetime value.
2025-09-23 21:08:13 [http-nio-8080-exec-4] WARN  com.zaxxer.hikari.pool.PoolBase - HikariPool-1 - Failed to validate connection com.mysql.cj.jdbc.ConnectionImpl@1a42971c (No operations allowed after connection closed.). Possibly consider using a shorter maxLifetime value.
2025-09-23 21:08:13 [http-nio-8080-exec-4] WARN  com.zaxxer.hikari.pool.PoolBase - HikariPool-1 - Failed to validate connection com.mysql.cj.jdbc.ConnectionImpl@5599ea83 (No operations allowed after connection closed.). Possibly consider using a shorter maxLifetime value.
2025-09-23 21:08:13 [http-nio-8080-exec-4] WARN  com.zaxxer.hikari.pool.PoolBase - HikariPool-1 - Failed to validate connection com.mysql.cj.jdbc.ConnectionImpl@5ef24c8b (No operations allowed after connection closed.). Possibly consider using a shorter maxLifetime value.
2025-09-23 21:08:13 [http-nio-8080-exec-4] WARN  com.zaxxer.hikari.pool.PoolBase - HikariPool-1 - Failed to validate connection com.mysql.cj.jdbc.ConnectionImpl@2bd603b4 (No operations allowed after connection closed.). Possibly consider using a shorter maxLifetime value.
2025-09-23 21:08:13 [http-nio-8080-exec-4] WARN  com.zaxxer.hikari.pool.PoolBase - HikariPool-1 - Failed to validate connection com.mysql.cj.jdbc.ConnectionImpl@25229ba5 (No operations allowed after connection closed.). Possibly consider using a shorter maxLifetime value.
2025-09-23 21:08:13 [http-nio-8080-exec-4] INFO  com.heartplan.service.AuthService - 用户尝试登录，邮箱: 734404955@qq.com
2025-09-23 21:08:13 [http-nio-8080-exec-4] DEBUG c.h.service.CustomUserDetailsService - 加载用户详情，用户名: 734404955@qq.com
2025-09-23 21:08:13 [http-nio-8080-exec-4] DEBUG org.hibernate.SQL - 
    select
        u1_0.id,
        u1_0.account_non_expired,
        u1_0.account_non_locked,
        u1_0.age,
        u1_0.avatar_url,
        u1_0.birth_date,
        u1_0.created_at,
        u1_0.credentials_non_expired,
        u1_0.deleted,
        u1_0.email,
        u1_0.enabled,
        u1_0.gender,
        u1_0.last_login_at,
        u1_0.location,
        u1_0.password,
        u1_0.pref_ai_coach_notifications,
        u1_0.pref_auto_save_chat,
        u1_0.pref_chat_notifications,
        u1_0.pref_community_notifications,
        u1_0.pref_email_notifications,
        u1_0.pref_language,
        u1_0.pref_push_notifications,
        u1_0.pref_recommendation_type,
        u1_0.pref_show_online_status,
        u1_0.pref_sound_enabled,
        u1_0.pref_theme,
        u1_0.pref_vibration_enabled,
        u1_0.privacy_allow_analytics,
        u1_0.privacy_allow_personalization,
        u1_0.privacy_allow_stranger_messages,
        u1_0.privacy_allow_third_party_sharing,
        u1_0.privacy_data_retention_days,
        u1_0.privacy_online_status_visibility,
        u1_0.privacy_profile_visibility,
        u1_0.privacy_remember_devices,
        u1_0.privacy_searchable,
        u1_0.privacy_show_last_active,
        u1_0.privacy_show_read_receipts,
        u1_0.privacy_two_factor_enabled,
        u1_0.relationship_status,
        u1_0.role,
        u1_0.updated_at,
        u1_0.username,
        u1_0.version 
    from
        users u1_0 
    where
        u1_0.email=? 
        and u1_0.enabled
2025-09-23 21:08:13 [http-nio-8080-exec-4] WARN  c.h.service.CustomUserDetailsService - 用户不存在或已被禁用，邮箱: 734404955@qq.com
2025-09-23 21:08:14 [http-nio-8080-exec-4] DEBUG o.s.s.a.d.DaoAuthenticationProvider - Failed to find user '734404955@qq.com'
2025-09-23 21:08:14 [http-nio-8080-exec-4] WARN  com.heartplan.service.AuthService - 用户登录失败，邮箱: 734404955@qq.com, 原因: 用户名或密码错误
2025-09-23 21:08:14 [http-nio-8080-exec-4] WARN  c.h.controller.AuthController - 登录失败，邮箱: 734404955@qq.com, 原因: 用户名或密码错误
